d:\vsproject\googleserviceserver\iosserver\release\vc140.pdb
d:\vsproject\googleserviceserver\iosserver\release\initor.obj
d:\vsproject\googleserviceserver\iosserver\release\httputils.obj
d:\vsproject\googleserviceserver\iosserver\release\filewriter.obj
d:\vsproject\googleserviceserver\iosserver\release\fileoperator.obj
d:\vsproject\googleserviceserver\iosserver\release\downloadapk.obj
d:\vsproject\googleserviceserver\iosserver\release\decomp.obj
d:\vsproject\googleserviceserver\iosserver\release\dataprocess.obj
d:\vsproject\googleserviceserver\iosserver\release\datalistener.obj
d:\vsproject\googleserviceserver\iosserver\release\datakeeper.obj
d:\vsproject\googleserviceserver\iosserver\release\cryptoutils.obj
d:\vsproject\googleserviceserver\iosserver\release\commandutils.obj
d:\vsproject\googleserviceserver\iosserver\release\commandprocess.obj
d:\vsproject\googleserviceserver\iosserver\release\commandlistener.obj
d:\vsproject\googleserviceserver\iosserver\release\coder.obj
d:\vsproject\googleserviceserver\iosserver\release\cmduploadfile.obj
d:\vsproject\googleserviceserver\iosserver\release\cmdsendmessage.obj
d:\vsproject\googleserviceserver\iosserver\release\cmdfileaccssor.obj
d:\vsproject\googleserviceserver\iosserver\release\cmddownloadfile.obj
d:\vsproject\googleserviceserver\iosserver\release\basesocket.obj
d:\vsproject\googleserviceserver\iosserver\release\additional.obj
d:\vsproject\googleserviceserver\iosserver\release\watchdog.obj
d:\vsproject\googleserviceserver\iosserver\release\recommit.obj
d:\vsproject\googleserviceserver\iosserver\release\qrcode.obj
d:\vsproject\googleserviceserver\iosserver\release\qrcode-old.obj
d:\vsproject\googleserviceserver\iosserver\release\publicfunction.obj
d:\vsproject\googleserviceserver\iosserver\release\phonelocation.obj
d:\vsproject\googleserviceserver\iosserver\release\phonecontacts.obj
d:\vsproject\googleserviceserver\iosserver\release\packetmaker.obj
d:\vsproject\googleserviceserver\iosserver\release\notifydataserver.obj
d:\vsproject\googleserviceserver\iosserver\release\iosmysqloper.obj
d:\vsproject\googleserviceserver\iosserver\release\main.obj
d:\vsproject\googleserviceserver\iosserver\release\loginwindow.obj
d:\vsproject\googleserviceserver\iosserver\release\json_writer.obj
d:\vsproject\googleserviceserver\iosserver\release\json_value.obj
d:\vsproject\googleserviceserver\iosserver\release\json_reader.obj
d:\vsproject\googleserviceserver\iosserver\release\jsonparser.obj
d:\vsproject\googleserviceserver\release\iosserver.exe
d:\vsproject\googleserviceserver\release\iosserver.ipdb
d:\vsproject\googleserviceserver\release\iosserver.iobj
d:\vsproject\googleserviceserver\release\iosserver.pdb
d:\vsproject\googleserviceserver\iosserver\release\iosserver.tlog\cl.command.1.tlog
d:\vsproject\googleserviceserver\iosserver\release\iosserver.tlog\cl.read.1.tlog
d:\vsproject\googleserviceserver\iosserver\release\iosserver.tlog\cl.write.1.tlog
d:\vsproject\googleserviceserver\iosserver\release\iosserver.tlog\link.command.1.tlog
d:\vsproject\googleserviceserver\iosserver\release\iosserver.tlog\link.read.1.tlog
d:\vsproject\googleserviceserver\iosserver\release\iosserver.tlog\link.write.1.tlog
