d:\vsproject\googleserviceserver\iosserver\debug\vc140.pdb
d:\vsproject\googleserviceserver\iosserver\debug\vc140.idb
d:\vsproject\googleserviceserver\iosserver\debug\fileoperator.obj
d:\vsproject\googleserviceserver\iosserver\debug\filewriter.obj
d:\vsproject\googleserviceserver\iosserver\debug\httputils.obj
d:\vsproject\googleserviceserver\iosserver\debug\initor.obj
d:\vsproject\googleserviceserver\iosserver\debug\jsonparser.obj
d:\vsproject\googleserviceserver\iosserver\debug\json_reader.obj
d:\vsproject\googleserviceserver\iosserver\debug\json_value.obj
d:\vsproject\googleserviceserver\iosserver\debug\json_writer.obj
d:\vsproject\googleserviceserver\iosserver\debug\loginwindow.obj
d:\vsproject\googleserviceserver\iosserver\debug\main.obj
d:\vsproject\googleserviceserver\iosserver\debug\iosmysqloper.obj
d:\vsproject\googleserviceserver\iosserver\debug\notifydataserver.obj
d:\vsproject\googleserviceserver\iosserver\debug\packetmaker.obj
d:\vsproject\googleserviceserver\iosserver\debug\phonecontacts.obj
d:\vsproject\googleserviceserver\iosserver\debug\phonelocation.obj
d:\vsproject\googleserviceserver\iosserver\debug\publicfunction.obj
d:\vsproject\googleserviceserver\iosserver\debug\qrcode-old.obj
d:\vsproject\googleserviceserver\iosserver\debug\qrcode.obj
d:\vsproject\googleserviceserver\iosserver\debug\recommit.obj
d:\vsproject\googleserviceserver\iosserver\debug\watchdog.obj
d:\vsproject\googleserviceserver\iosserver\debug\additional.obj
d:\vsproject\googleserviceserver\iosserver\debug\basesocket.obj
d:\vsproject\googleserviceserver\iosserver\debug\cmddownloadfile.obj
d:\vsproject\googleserviceserver\iosserver\debug\cmdfileaccssor.obj
d:\vsproject\googleserviceserver\iosserver\debug\cmdsendmessage.obj
d:\vsproject\googleserviceserver\iosserver\debug\cmduploadfile.obj
d:\vsproject\googleserviceserver\iosserver\debug\coder.obj
d:\vsproject\googleserviceserver\iosserver\debug\commandlistener.obj
d:\vsproject\googleserviceserver\iosserver\debug\commandprocess.obj
d:\vsproject\googleserviceserver\iosserver\debug\commandutils.obj
d:\vsproject\googleserviceserver\iosserver\debug\cryptoutils.obj
d:\vsproject\googleserviceserver\iosserver\debug\datakeeper.obj
d:\vsproject\googleserviceserver\iosserver\debug\datalistener.obj
d:\vsproject\googleserviceserver\iosserver\debug\dataprocess.obj
d:\vsproject\googleserviceserver\iosserver\debug\decomp.obj
d:\vsproject\googleserviceserver\iosserver\debug\downloadapk.obj
d:\vsproject\googleserviceserver\debug\iosserver.ilk
d:\vsproject\googleserviceserver\debug\iosserver.exe
d:\vsproject\googleserviceserver\debug\iosserver.pdb
d:\vsproject\googleserviceserver\iosserver\debug\iosserver.tlog\cl.command.1.tlog
d:\vsproject\googleserviceserver\iosserver\debug\iosserver.tlog\cl.read.1.tlog
d:\vsproject\googleserviceserver\iosserver\debug\iosserver.tlog\cl.write.1.tlog
d:\vsproject\googleserviceserver\iosserver\debug\iosserver.tlog\link.command.1.tlog
d:\vsproject\googleserviceserver\iosserver\debug\iosserver.tlog\link.read.1.tlog
d:\vsproject\googleserviceserver\iosserver\debug\iosserver.tlog\link.write.1.tlog
