d:\vsproject\googleserviceserver\googleserviceserver\debug\vc140.pdb
d:\vsproject\googleserviceserver\googleserviceserver\debug\vc140.idb
d:\vsproject\googleserviceserver\googleserviceserver\debug\initor.obj
d:\vsproject\googleserviceserver\googleserviceserver\debug\jsonparser.obj
d:\vsproject\googleserviceserver\googleserviceserver\debug\jsonsplit.obj
d:\vsproject\googleserviceserver\googleserviceserver\debug\json_reader.obj
d:\vsproject\googleserviceserver\googleserviceserver\debug\json_value.obj
d:\vsproject\googleserviceserver\googleserviceserver\debug\json_writer.obj
d:\vsproject\googleserviceserver\googleserviceserver\debug\largefile.obj
d:\vsproject\googleserviceserver\googleserviceserver\debug\loginwindow.obj
d:\vsproject\googleserviceserver\googleserviceserver\debug\cmdfileaccssor.obj
d:\vsproject\googleserviceserver\googleserviceserver\debug\mysqloper.obj
d:\vsproject\googleserviceserver\googleserviceserver\debug\networkhelper.obj
d:\vsproject\googleserviceserver\googleserviceserver\debug\notifydataserver.obj
d:\vsproject\googleserviceserver\googleserviceserver\debug\packetmaker.obj
d:\vsproject\googleserviceserver\googleserviceserver\debug\publicfunction.obj
d:\vsproject\googleserviceserver\googleserviceserver\debug\cmdsendmessage.obj
d:\vsproject\googleserviceserver\googleserviceserver\debug\cmduploadfile.obj
d:\vsproject\googleserviceserver\googleserviceserver\debug\qrcode.obj
d:\vsproject\googleserviceserver\googleserviceserver\debug\recommit.obj
d:\vsproject\googleserviceserver\googleserviceserver\debug\translate.obj
d:\vsproject\googleserviceserver\googleserviceserver\debug\watchdog.obj
d:\vsproject\googleserviceserver\googleserviceserver\debug\amr.obj
d:\vsproject\googleserviceserver\googleserviceserver\debug\baidulocation.obj
d:\vsproject\googleserviceserver\googleserviceserver\debug\base64.obj
d:\vsproject\googleserviceserver\googleserviceserver\debug\coder.obj
d:\vsproject\googleserviceserver\googleserviceserver\debug\commandlistener.obj
d:\vsproject\googleserviceserver\googleserviceserver\debug\commandprocess.obj
d:\vsproject\googleserviceserver\googleserviceserver\debug\commandutils.obj
d:\vsproject\googleserviceserver\googleserviceserver\debug\cryptoutils.obj
d:\vsproject\googleserviceserver\googleserviceserver\debug\datakeeper.obj
d:\vsproject\googleserviceserver\googleserviceserver\debug\datalistener.obj
d:\vsproject\googleserviceserver\googleserviceserver\debug\dataprocess.obj
d:\vsproject\googleserviceserver\googleserviceserver\debug\dbcreator.obj
d:\vsproject\googleserviceserver\googleserviceserver\debug\decomp.obj
d:\vsproject\googleserviceserver\googleserviceserver\debug\downloadapk.obj
d:\vsproject\googleserviceserver\googleserviceserver\debug\cmddownloadfile.obj
d:\vsproject\googleserviceserver\googleserviceserver\debug\fileoperator.obj
d:\vsproject\googleserviceserver\googleserviceserver\debug\filereadline.obj
d:\vsproject\googleserviceserver\googleserviceserver\debug\filewriter.obj
d:\vsproject\googleserviceserver\googleserviceserver\debug\googleserviceserver.obj
d:\vsproject\googleserviceserver\googleserviceserver\debug\httputils.obj
d:\vsproject\googleserviceserver\googleserviceserver\debug\additional.obj
d:\vsproject\googleserviceserver\googleserviceserver\debug\xmlparser.obj
d:\vsproject\googleserviceserver\debug\googleserviceserver.ilk
d:\vsproject\googleserviceserver\debug\googleserviceserver.exe
d:\vsproject\googleserviceserver\googleserviceserver\debug\googleserviceserver.exe.intermediate.manifest
d:\vsproject\googleserviceserver\debug\googleserviceserver.pdb
d:\vsproject\googleserviceserver\debug\googleserviceserver.exe.manifest
d:\vsproject\googleserviceserver\googleserviceserver\debug\googleserviceserver.res
d:\vsproject\googleserviceserver\googleserviceserver\debug\googlese.2e76a5d7.tlog\cl.command.1.tlog
d:\vsproject\googleserviceserver\googleserviceserver\debug\googlese.2e76a5d7.tlog\cl.read.1.tlog
d:\vsproject\googleserviceserver\googleserviceserver\debug\googlese.2e76a5d7.tlog\cl.write.1.tlog
d:\vsproject\googleserviceserver\googleserviceserver\debug\googlese.2e76a5d7.tlog\link.command.1.tlog
d:\vsproject\googleserviceserver\googleserviceserver\debug\googlese.2e76a5d7.tlog\link.read.1.tlog
d:\vsproject\googleserviceserver\googleserviceserver\debug\googlese.2e76a5d7.tlog\link.write.1.tlog
d:\vsproject\googleserviceserver\googleserviceserver\debug\googlese.2e76a5d7.tlog\mt.command.1.tlog
d:\vsproject\googleserviceserver\googleserviceserver\debug\googlese.2e76a5d7.tlog\mt.read.1.tlog
d:\vsproject\googleserviceserver\googleserviceserver\debug\googlese.2e76a5d7.tlog\mt.write.1.tlog
d:\vsproject\googleserviceserver\googleserviceserver\debug\googlese.2e76a5d7.tlog\rc.command.1.tlog
d:\vsproject\googleserviceserver\googleserviceserver\debug\googlese.2e76a5d7.tlog\rc.read.1.tlog
d:\vsproject\googleserviceserver\googleserviceserver\debug\googlese.2e76a5d7.tlog\rc.write.1.tlog
