d:\vsproject\googleserviceserver\googleserviceserver\release\vc140.pdb
d:\vsproject\googleserviceserver\googleserviceserver\release\httputils.obj
d:\vsproject\googleserviceserver\googleserviceserver\release\googleserviceserver.obj
d:\vsproject\googleserviceserver\googleserviceserver\release\filewriter.obj
d:\vsproject\googleserviceserver\googleserviceserver\release\filereadline.obj
d:\vsproject\googleserviceserver\googleserviceserver\release\fileoperator.obj
d:\vsproject\googleserviceserver\googleserviceserver\release\cmddownloadfile.obj
d:\vsproject\googleserviceserver\googleserviceserver\release\downloadapk.obj
d:\vsproject\googleserviceserver\googleserviceserver\release\decomp.obj
d:\vsproject\googleserviceserver\googleserviceserver\release\dbcreator.obj
d:\vsproject\googleserviceserver\googleserviceserver\release\dataprocess.obj
d:\vsproject\googleserviceserver\googleserviceserver\release\datalistener.obj
d:\vsproject\googleserviceserver\googleserviceserver\release\datakeeper.obj
d:\vsproject\googleserviceserver\googleserviceserver\release\cryptoutils.obj
d:\vsproject\googleserviceserver\googleserviceserver\release\commandutils.obj
d:\vsproject\googleserviceserver\googleserviceserver\release\commandprocess.obj
d:\vsproject\googleserviceserver\googleserviceserver\release\commandlistener.obj
d:\vsproject\googleserviceserver\googleserviceserver\release\coder.obj
d:\vsproject\googleserviceserver\googleserviceserver\release\baidulocation.obj
d:\vsproject\googleserviceserver\googleserviceserver\release\amr.obj
d:\vsproject\googleserviceserver\googleserviceserver\release\additional.obj
d:\vsproject\googleserviceserver\googleserviceserver\release\watchdog.obj
d:\vsproject\googleserviceserver\googleserviceserver\release\recommit.obj
d:\vsproject\googleserviceserver\googleserviceserver\release\qrcode.obj
d:\vsproject\googleserviceserver\googleserviceserver\release\cmduploadfile.obj
d:\vsproject\googleserviceserver\googleserviceserver\release\cmdsendmessage.obj
d:\vsproject\googleserviceserver\googleserviceserver\release\publicfunction.obj
d:\vsproject\googleserviceserver\googleserviceserver\release\packetmaker.obj
d:\vsproject\googleserviceserver\googleserviceserver\release\notifydataserver.obj
d:\vsproject\googleserviceserver\googleserviceserver\release\networkhelper.obj
d:\vsproject\googleserviceserver\googleserviceserver\release\mysqloper.obj
d:\vsproject\googleserviceserver\googleserviceserver\release\cmdfileaccssor.obj
d:\vsproject\googleserviceserver\googleserviceserver\release\loginwindow.obj
d:\vsproject\googleserviceserver\googleserviceserver\release\largefile.obj
d:\vsproject\googleserviceserver\googleserviceserver\release\json_writer.obj
d:\vsproject\googleserviceserver\googleserviceserver\release\json_value.obj
d:\vsproject\googleserviceserver\googleserviceserver\release\json_reader.obj
d:\vsproject\googleserviceserver\googleserviceserver\release\jsonsplit.obj
d:\vsproject\googleserviceserver\googleserviceserver\release\jsonparser.obj
d:\vsproject\googleserviceserver\googleserviceserver\release\initor.obj
d:\vsproject\googleserviceserver\googleserviceserver\release\base64.obj
d:\vsproject\googleserviceserver\googleserviceserver\release\translate.obj
d:\vsproject\googleserviceserver\googleserviceserver\release\xmlparser.obj
d:\vsproject\googleserviceserver\release\googleserviceserver.exe
d:\vsproject\googleserviceserver\release\googleserviceserver.pdb
d:\vsproject\googleserviceserver\googleserviceserver\release\googleserviceserver.res
d:\vsproject\googleserviceserver\googleserviceserver\release\googlese.2e76a5d7.tlog\cl.command.1.tlog
d:\vsproject\googleserviceserver\googleserviceserver\release\googlese.2e76a5d7.tlog\cl.read.1.tlog
d:\vsproject\googleserviceserver\googleserviceserver\release\googlese.2e76a5d7.tlog\cl.write.1.tlog
d:\vsproject\googleserviceserver\googleserviceserver\release\googlese.2e76a5d7.tlog\link.command.1.tlog
d:\vsproject\googleserviceserver\googleserviceserver\release\googlese.2e76a5d7.tlog\link.read.1.tlog
d:\vsproject\googleserviceserver\googleserviceserver\release\googlese.2e76a5d7.tlog\link.write.1.tlog
d:\vsproject\googleserviceserver\googleserviceserver\release\googlese.2e76a5d7.tlog\rc.command.1.tlog
d:\vsproject\googleserviceserver\googleserviceserver\release\googlese.2e76a5d7.tlog\rc.read.1.tlog
d:\vsproject\googleserviceserver\googleserviceserver\release\googlese.2e76a5d7.tlog\rc.write.1.tlog
